make --dry-run --always-make --keep-going --print-directory
make: Entering directory '/home/tomas/dev/git/cientific-calculator'
mkdir -p output
g++ -std=gnu++2a -Wall -Wextra -g -Iinclude -Iinclude/math_parser -Iinclude/parser_exception -Iinclude/util -Iinclude/data -Iinclude/mem -Iinclude/programs -Iinclude/programs/summation -Iinclude/programs/matrix -Iinclude/assert -c src/test_suite.cpp  -o src/test_suite.o
g++ -std=gnu++2a -Wall -Wextra -g -Iinclude -Iinclude/math_parser -Iinclude/parser_exception -Iinclude/util -Iinclude/data -Iinclude/mem -Iinclude/programs -Iinclude/programs/summation -Iinclude/programs/matrix -Iinclude/assert -c src/log.cpp  -o src/log.o
g++ -std=gnu++2a -Wall -Wextra -g -Iinclude -Iinclude/math_parser -Iinclude/parser_exception -Iinclude/util -Iinclude/data -Iinclude/mem -Iinclude/programs -Iinclude/programs/summation -Iinclude/programs/matrix -Iinclude/assert -c src/main.cpp  -o src/main.o
g++ -std=gnu++2a -Wall -Wextra -g -Iinclude -Iinclude/math_parser -Iinclude/parser_exception -Iinclude/util -Iinclude/data -Iinclude/mem -Iinclude/programs -Iinclude/programs/summation -Iinclude/programs/matrix -Iinclude/assert -c src/equation_system.cpp  -o src/equation_system.o
g++ -std=gnu++2a -Wall -Wextra -g -Iinclude -Iinclude/math_parser -Iinclude/parser_exception -Iinclude/util -Iinclude/data -Iinclude/mem -Iinclude/programs -Iinclude/programs/summation -Iinclude/programs/matrix -Iinclude/assert -c src/app.cpp  -o src/app.o
g++ -std=gnu++2a -Wall -Wextra -g -Iinclude -Iinclude/math_parser -Iinclude/parser_exception -Iinclude/util -Iinclude/data -Iinclude/mem -Iinclude/programs -Iinclude/programs/summation -Iinclude/programs/matrix -Iinclude/assert -c src/math_parser/tokenizer.cpp  -o src/math_parser/tokenizer.o
g++ -std=gnu++2a -Wall -Wextra -g -Iinclude -Iinclude/math_parser -Iinclude/parser_exception -Iinclude/util -Iinclude/data -Iinclude/mem -Iinclude/programs -Iinclude/programs/summation -Iinclude/programs/matrix -Iinclude/assert -c src/math_parser/node.cpp  -o src/math_parser/node.o
g++ -std=gnu++2a -Wall -Wextra -g -Iinclude -Iinclude/math_parser -Iinclude/parser_exception -Iinclude/util -Iinclude/data -Iinclude/mem -Iinclude/programs -Iinclude/programs/summation -Iinclude/programs/matrix -Iinclude/assert -c src/math_parser/parser.cpp  -o src/math_parser/parser.o
g++ -std=gnu++2a -Wall -Wextra -g -Iinclude -Iinclude/math_parser -Iinclude/parser_exception -Iinclude/util -Iinclude/data -Iinclude/mem -Iinclude/programs -Iinclude/programs/summation -Iinclude/programs/matrix -Iinclude/assert -c src/math_parser/context.cpp  -o src/math_parser/context.o
g++ -std=gnu++2a -Wall -Wextra -g -Iinclude -Iinclude/math_parser -Iinclude/parser_exception -Iinclude/util -Iinclude/data -Iinclude/mem -Iinclude/programs -Iinclude/programs/summation -Iinclude/programs/matrix -Iinclude/assert -c src/util/id_generator.cpp  -o src/util/id_generator.o
g++ -std=gnu++2a -Wall -Wextra -g -Iinclude -Iinclude/math_parser -Iinclude/parser_exception -Iinclude/util -Iinclude/data -Iinclude/mem -Iinclude/programs -Iinclude/programs/summation -Iinclude/programs/matrix -Iinclude/assert -c src/data/pos.cpp  -o src/data/pos.o
g++ -std=gnu++2a -Wall -Wextra -g -Iinclude -Iinclude/math_parser -Iinclude/parser_exception -Iinclude/util -Iinclude/data -Iinclude/mem -Iinclude/programs -Iinclude/programs/summation -Iinclude/programs/matrix -Iinclude/assert -c src/mem/alloc_metric.cpp  -o src/mem/alloc_metric.o
g++ -std=gnu++2a -Wall -Wextra -g -Iinclude -Iinclude/math_parser -Iinclude/parser_exception -Iinclude/util -Iinclude/data -Iinclude/mem -Iinclude/programs -Iinclude/programs/summation -Iinclude/programs/matrix -Iinclude/assert -c src/programs/summation/summation.cpp  -o src/programs/summation/summation.o
g++ -std=gnu++2a -Wall -Wextra -g -Iinclude -Iinclude/math_parser -Iinclude/parser_exception -Iinclude/util -Iinclude/data -Iinclude/mem -Iinclude/programs -Iinclude/programs/summation -Iinclude/programs/matrix -Iinclude/assert -c src/programs/matrix/matrix.cpp  -o src/programs/matrix/matrix.o
g++ -std=gnu++2a -Wall -Wextra -g -Iinclude -Iinclude/math_parser -Iinclude/parser_exception -Iinclude/util -Iinclude/data -Iinclude/mem -Iinclude/programs -Iinclude/programs/summation -Iinclude/programs/matrix -Iinclude/assert -c src/assert/assert.cpp  -o src/assert/assert.o
g++ -std=gnu++2a -Wall -Wextra -g -Iinclude -Iinclude/math_parser -Iinclude/parser_exception -Iinclude/util -Iinclude/data -Iinclude/mem -Iinclude/programs -Iinclude/programs/summation -Iinclude/programs/matrix -Iinclude/assert -o output/main src/test_suite.o src/log.o src/main.o src/equation_system.o src/app.o src/math_parser/tokenizer.o src/math_parser/node.o src/math_parser/parser.o src/math_parser/context.o src/util/id_generator.o src/data/pos.o src/mem/alloc_metric.o src/programs/summation/summation.o src/programs/matrix/matrix.o src/assert/assert.o  -Llib
echo Executing 'all' complete!
make: Leaving directory '/home/tomas/dev/git/cientific-calculator'
 
